<?xml version="1.0" encoding="UTF-8"?>
<testng-results ignored="0" total="2" passed="2" failed="0" skipped="0">
  <reporter-output>
  </reporter-output>
  <suite started-at="2025-10-28T13:30:07 EDT" name="Suite" finished-at="2025-10-28T13:30:29 EDT" duration-ms="21961">
    <groups>
    </groups>
    <test started-at="2025-10-28T13:30:07 EDT" name="Test" finished-at="2025-10-28T13:30:29 EDT" duration-ms="21961">
      <class name="testcases.TestCases">
        <test-method is-config="true" signature="beforeMethod()[pri:0, instance:testcases.TestCases@233795b6]" started-at="2025-10-28T13:30:07 EDT" name="beforeMethod" finished-at="2025-10-28T13:30:12 EDT" duration-ms="4708" status="PASS">
          <reporter-output>
          </reporter-output>
        </test-method> <!-- beforeMethod -->
        <test-method signature="login(java.lang.String,java.lang.String)[pri:2, instance:testcases.TestCases@233795b6]" started-at="2025-10-28T13:30:12 EDT" name="login" data-provider="loginData" finished-at="2025-10-28T13:30:16 EDT" duration-ms="4438" status="PASS">
          <params>
            <param index="0">
              <value>
                <![CDATA[Ashok217721@gmail.com]]>
              </value>
            </param>
            <param index="1">
              <value>
                <![CDATA[Ashok1]]>
              </value>
            </param>
          </params>
          <reporter-output>
          </reporter-output>
        </test-method> <!-- login -->
        <test-method is-config="true" signature="afterMethod()[pri:0, instance:testcases.TestCases@233795b6]" started-at="2025-10-28T13:30:16 EDT" name="afterMethod" finished-at="2025-10-28T13:30:17 EDT" duration-ms="1195" status="PASS">
          <reporter-output>
          </reporter-output>
        </test-method> <!-- afterMethod -->
        <test-method is-config="true" signature="beforeMethod()[pri:0, instance:testcases.TestCases@233795b6]" started-at="2025-10-28T13:30:17 EDT" name="beforeMethod" finished-at="2025-10-28T13:30:20 EDT" duration-ms="3019" status="PASS">
          <reporter-output>
          </reporter-output>
        </test-method> <!-- beforeMethod -->
        <test-method signature="loginSearch(java.lang.String,java.lang.String)[pri:3, instance:testcases.TestCases@233795b6]" started-at="2025-10-28T13:30:20 EDT" name="loginSearch" data-provider="loginData" finished-at="2025-10-28T13:30:28 EDT" duration-ms="7462" status="PASS">
          <params>
            <param index="0">
              <value>
                <![CDATA[Ashok217721@gmail.com]]>
              </value>
            </param>
            <param index="1">
              <value>
                <![CDATA[Ashok1]]>
              </value>
            </param>
          </params>
          <reporter-output>
          </reporter-output>
        </test-method> <!-- loginSearch -->
        <test-method is-config="true" signature="afterMethod()[pri:0, instance:testcases.TestCases@233795b6]" started-at="2025-10-28T13:30:28 EDT" name="afterMethod" finished-at="2025-10-28T13:30:29 EDT" duration-ms="1086" status="PASS">
          <reporter-output>
          </reporter-output>
        </test-method> <!-- afterMethod -->
      </class> <!-- testcases.TestCases -->
    </test> <!-- Test -->
  </suite> <!-- Suite -->
</testng-results>
