<?xml version="1.0" encoding="UTF-8"?>
<testng-results ignored="0" total="3" passed="3" failed="0" skipped="0">
  <reporter-output>
  </reporter-output>
  <suite started-at="2025-10-25T20:07:34 EDT" name="Suite" finished-at="2025-10-25T20:08:20 EDT" duration-ms="45839">
    <groups>
    </groups>
    <test started-at="2025-10-25T20:07:34 EDT" name="Test" finished-at="2025-10-25T20:08:20 EDT" duration-ms="45839">
      <class name="testcases.TestCases">
        <test-method is-config="true" signature="beforeMethod()[pri:0, instance:testcases.TestCases@3eb738bb]" started-at="2025-10-25T20:07:34 EDT" name="beforeMethod" finished-at="2025-10-25T20:07:38 EDT" duration-ms="3373" status="PASS">
          <reporter-output>
          </reporter-output>
        </test-method> <!-- beforeMethod -->
        <test-method signature="startRegistration(java.lang.reflect.Method)[pri:1, instance:testcases.TestCases@3eb738bb]" started-at="2025-10-25T20:07:38 EDT" name="startRegistration" finished-at="2025-10-25T20:07:56 EDT" duration-ms="18612" status="PASS">
          <params>
            <param index="0">
              <value>
                <![CDATA[public void testcases.TestCases.startRegistration(java.lang.reflect.Method) throws java.lang.InterruptedException]]>
              </value>
            </param>
          </params>
          <reporter-output>
          </reporter-output>
        </test-method> <!-- startRegistration -->
        <test-method is-config="true" signature="afterMethod()[pri:0, instance:testcases.TestCases@3eb738bb]" started-at="2025-10-25T20:07:56 EDT" name="afterMethod" finished-at="2025-10-25T20:07:58 EDT" duration-ms="1234" status="PASS">
          <reporter-output>
          </reporter-output>
        </test-method> <!-- afterMethod -->
        <test-method is-config="true" signature="beforeMethod()[pri:0, instance:testcases.TestCases@3eb738bb]" started-at="2025-10-25T20:07:58 EDT" name="beforeMethod" finished-at="2025-10-25T20:08:01 EDT" duration-ms="2906" status="PASS">
          <reporter-output>
          </reporter-output>
        </test-method> <!-- beforeMethod -->
        <test-method signature="login(java.lang.String,java.lang.String)[pri:2, instance:testcases.TestCases@3eb738bb]" started-at="2025-10-25T20:08:01 EDT" name="login" data-provider="loginData" finished-at="2025-10-25T20:08:08 EDT" duration-ms="7468" status="PASS">
          <params>
            <param index="0">
              <value>
                <![CDATA[Ashok217721@gmail.com]]>
              </value>
            </param>
            <param index="1">
              <value>
                <![CDATA[Ashok1]]>
              </value>
            </param>
          </params>
          <reporter-output>
          </reporter-output>
        </test-method> <!-- login -->
        <test-method is-config="true" signature="afterMethod()[pri:0, instance:testcases.TestCases@3eb738bb]" started-at="2025-10-25T20:08:08 EDT" name="afterMethod" finished-at="2025-10-25T20:08:09 EDT" duration-ms="1082" status="PASS">
          <reporter-output>
          </reporter-output>
        </test-method> <!-- afterMethod -->
        <test-method is-config="true" signature="beforeMethod()[pri:0, instance:testcases.TestCases@3eb738bb]" started-at="2025-10-25T20:08:09 EDT" name="beforeMethod" finished-at="2025-10-25T20:08:12 EDT" duration-ms="3392" status="PASS">
          <reporter-output>
          </reporter-output>
        </test-method> <!-- beforeMethod -->
        <test-method signature="loginSearch(java.lang.String,java.lang.String)[pri:3, instance:testcases.TestCases@3eb738bb]" started-at="2025-10-25T20:08:12 EDT" name="loginSearch" data-provider="loginData" finished-at="2025-10-25T20:08:19 EDT" duration-ms="6726" status="PASS">
          <params>
            <param index="0">
              <value>
                <![CDATA[Ashok217721@gmail.com]]>
              </value>
            </param>
            <param index="1">
              <value>
                <![CDATA[Ashok1]]>
              </value>
            </param>
          </params>
          <reporter-output>
          </reporter-output>
        </test-method> <!-- loginSearch -->
        <test-method is-config="true" signature="afterMethod()[pri:0, instance:testcases.TestCases@3eb738bb]" started-at="2025-10-25T20:08:19 EDT" name="afterMethod" finished-at="2025-10-25T20:08:20 EDT" duration-ms="987" status="PASS">
          <reporter-output>
          </reporter-output>
        </test-method> <!-- afterMethod -->
      </class> <!-- testcases.TestCases -->
    </test> <!-- Test -->
  </suite> <!-- Suite -->
</testng-results>
