<?xml version="1.0" encoding="UTF-8"?>
<!-- Generated by org.testng.reporters.JUnitXMLReporter -->
<testsuite ignored="0" hostname="NAUS-NYC-2bWPIY" failures="0" tests="3" name="Test" time="45.839" errors="0" timestamp="2025-10-25T20:08:20 EDT">
  <testcase classname="testcases.TestCases" name="startRegistration" time="18.612"/>
  <testcase classname="testcases.TestCases" name="login" time="7.468"/>
  <testcase classname="testcases.TestCases" name="loginSearch" time="6.726"/>
</testsuite> <!-- Test -->
